0 info it worked if it ends with ok
1 verbose cli [ 'C:\\Program Files\\nodejs\\node.exe',
1 verbose cli   'C:\\Users\\Danny\\AppData\\Roaming\\npm\\node_modules\\npm\\bin\\npm-cli.js',
1 verbose cli   'publish' ]
2 info using npm@4.1.2
3 info using node@v10.15.0
4 verbose publish [ '.' ]
5 silly cache add args [ '.', null ]
6 verbose cache add spec .
7 silly cache add parsed spec Result {
7 silly cache add   raw: '.',
7 silly cache add   scope: null,
7 silly cache add   escapedName: null,
7 silly cache add   name: null,
7 silly cache add   rawSpec: '.',
7 silly cache add   spec: 'C:\\Workspace\\_my\\ups',
7 silly cache add   type: 'directory' }
8 verbose addLocalDirectory C:\Users\Danny\AppData\Roaming\npm-cache\ups\1.0.0\package.tgz not in flight; packing
9 verbose correctMkdir C:\Users\Danny\AppData\Roaming\npm-cache correctMkdir not in flight; initializing
10 info lifecycle ups@1.0.0~prepublish: ups@1.0.0
11 silly lifecycle ups@1.0.0~prepublish: no script for prepublish, continuing
12 info lifecycle ups@1.0.0~prepare: ups@1.0.0
13 silly lifecycle ups@1.0.0~prepare: no script for prepare, continuing
14 verbose tar pack [ 'C:\\Users\\Danny\\AppData\\Roaming\\npm-cache\\ups\\1.0.0\\package.tgz',
14 verbose tar pack   'C:\\Workspace\\_my\\ups' ]
15 verbose tarball C:\Users\Danny\AppData\Roaming\npm-cache\ups\1.0.0\package.tgz
16 verbose folder C:\Workspace\_my\ups
17 verbose addLocalTarball adding from inside cache C:\Users\Danny\AppData\Roaming\npm-cache\ups\1.0.0\package.tgz
18 verbose correctMkdir C:\Users\Danny\AppData\Roaming\npm-cache correctMkdir not in flight; initializing
19 silly cache afterAdd ups@1.0.0
20 verbose afterAdd C:\Users\Danny\AppData\Roaming\npm-cache\ups\1.0.0\package\package.json not in flight; writing
21 verbose correctMkdir C:\Users\Danny\AppData\Roaming\npm-cache correctMkdir not in flight; initializing
22 verbose afterAdd C:\Users\Danny\AppData\Roaming\npm-cache\ups\1.0.0\package\package.json written
23 silly publish { name: 'ups',
23 silly publish   version: '1.0.0',
23 silly publish   description: 'Check the delivery status of an UPS Parcel',
23 silly publish   main: 'index.js',
23 silly publish   scripts: { test: 'echo "Error: no test specified" && exit 1' },
23 silly publish   repository:
23 silly publish    { type: 'git', url: 'git+https://github.com/dannystey/ups.git' },
23 silly publish   author: { name: 'Danny Stey' },
23 silly publish   license: 'ISC',
23 silly publish   bugs: { url: 'https://github.com/dannystey/ups/issues' },
23 silly publish   homepage: 'https://github.com/dannystey/ups#readme',
23 silly publish   readme:
23 silly publish    '# UPS Package Command Line Tool\r\n\r\n## Installation\r\n\r\n`npm install ups -g`\r\n\r\n## Usage\r\n\r\n`ups <trackingnumber>`',
23 silly publish   readmeFilename: 'readme.md',
23 silly publish   _id: 'ups@1.0.0',
23 silly publish   _shasum: '97acaf892839a8faa967c81c895853ebb020c06d',
23 silly publish   _from: '.' }
24 info lifecycle ups@1.0.0~prepublishOnly: ups@1.0.0
25 silly lifecycle ups@1.0.0~prepublishOnly: no script for prepublishOnly, continuing
26 verbose getPublishConfig undefined
27 silly mapToRegistry name ups
28 silly mapToRegistry using default registry
29 silly mapToRegistry registry https://registry.npmjs.org/
30 silly mapToRegistry data Result {
30 silly mapToRegistry   raw: 'ups',
30 silly mapToRegistry   scope: null,
30 silly mapToRegistry   escapedName: 'ups',
30 silly mapToRegistry   name: 'ups',
30 silly mapToRegistry   rawSpec: '',
30 silly mapToRegistry   spec: 'latest',
30 silly mapToRegistry   type: 'tag' }
31 silly mapToRegistry uri https://registry.npmjs.org/ups
32 verbose publish registryBase https://registry.npmjs.org/
33 silly publish uploading C:\Users\Danny\AppData\Roaming\npm-cache\ups\1.0.0\package.tgz
34 verbose request uri https://registry.npmjs.org/ups
35 verbose request sending authorization for write operation
36 info attempt registry request try #1 at 15:53:23
37 verbose request using bearer token for auth
38 verbose request id b74f83b6c78829ff
39 http request PUT https://registry.npmjs.org/ups
40 http 403 https://registry.npmjs.org/ups
41 verbose headers { date: 'Mon, 25 Nov 2019 14:53:39 GMT',
41 verbose headers   'content-type': 'application/json',
41 verbose headers   'transfer-encoding': 'chunked',
41 verbose headers   connection: 'keep-alive',
41 verbose headers   'set-cookie':
41 verbose headers    [ '__cfduid=d06b0206a10a6f1e519a355e42f243e371574693602; expires=Wed, 25-Dec-19 14:53:22 GMT; path=/; domain=.npmjs.org; HttpOnly' ],
41 verbose headers   'cf-ray': '53b473a86d7d7cb8-MUC',
41 verbose headers   'cf-cache-status': 'DYNAMIC',
41 verbose headers   'expect-ct':
41 verbose headers    'max-age=604800, report-uri="https://report-uri.cloudflare.com/cdn-cgi/beacon/expect-ct"',
41 verbose headers   vary: 'Accept-Encoding',
41 verbose headers   server: 'cloudflare',
41 verbose headers   'content-encoding': 'gzip' }
42 verbose request invalidating C:\Users\Danny\AppData\Roaming\npm-cache\registry.npmjs.org\ups on PUT
43 error publish Failed PUT 403
44 verbose stack Error: You do not have permission to publish "ups". Are you logged in as the correct user? : ups
44 verbose stack     at makeError (C:\Users\Danny\AppData\Roaming\npm\node_modules\npm\node_modules\npm-registry-client\lib\request.js:304:12)
44 verbose stack     at CachingRegistryClient.<anonymous> (C:\Users\Danny\AppData\Roaming\npm\node_modules\npm\node_modules\npm-registry-client\lib\request.js:292:14)
44 verbose stack     at Gunzip.cb (C:\Users\Danny\AppData\Roaming\npm\node_modules\npm\node_modules\npm-registry-client\lib\request.js:218:7)
44 verbose stack     at Gunzip.zlibBufferOnEnd (zlib.js:123:10)
44 verbose stack     at Gunzip.emit (events.js:187:15)
44 verbose stack     at endReadableNT (_stream_readable.js:1094:12)
44 verbose stack     at process._tickCallback (internal/process/next_tick.js:63:19)
45 verbose statusCode 403
46 verbose pkgid ups
47 verbose cwd C:\Workspace\_my\ups
48 error Windows_NT 10.0.18362
49 error argv "C:\\Program Files\\nodejs\\node.exe" "C:\\Users\\Danny\\AppData\\Roaming\\npm\\node_modules\\npm\\bin\\npm-cli.js" "publish"
50 error node v10.15.0
51 error npm  v4.1.2
52 error code E403
53 error You do not have permission to publish "ups". Are you logged in as the correct user? : ups
54 error If you need help, you may report this error at:
54 error     <https://github.com/npm/npm/issues>
55 verbose exit [ 1, true ]
